<?xml version="1.0" encoding="UTF-8"?>
<!-- Generated by org.testng.reporters.JUnitReportReporter -->
<testsuite skipped="0" hostname="ASH-LPT-19" name="com.vp.tests.FlightPageTests" tests="1" failures="0" timestamp="13 Mar 2018 09:56:39 GMT" time="67.842" errors="0">
  <testcase name="VerifyFlightspage" time="67.842" classname="com.vp.tests.FlightPageTests"/>
</testsuite> <!-- com.vp.tests.FlightPageTests -->
