<?xml version="1.0" encoding="UTF-8"?>
<!-- Generated by org.testng.reporters.JUnitReportReporter -->
<testsuite skipped="0" hostname="ASH-LPT-19" name="com.vp.tests.VillaOnlyBooking" tests="1" failures="0" timestamp="21 Mar 2018 10:15:40 GMT" time="195.117" errors="0">
  <testcase name="VillaOnlyBookingVerification" time="195.117" classname="com.vp.tests.VillaOnlyBooking"/>
</testsuite> <!-- com.vp.tests.VillaOnlyBooking -->
