<?xml version="1.0" encoding="UTF-8"?>
<!-- Generated by org.testng.reporters.JUnitReportReporter -->
<testsuite skipped="0" hostname="ASH-LPT-19" name="com.vp.tests.ConvertedBooking" tests="1" failures="0" timestamp="16 Mar 2018 01:27:51 GMT" time="153.723" errors="0">
  <testcase name="ConvertedBookingVerification" time="153.723" classname="com.vp.tests.ConvertedBooking"/>
</testsuite> <!-- com.vp.tests.ConvertedBooking -->
