<?xml version="1.0" encoding="UTF-8"?>
<!-- Generated by org.testng.reporters.JUnitReportReporter -->
<testsuite skipped="0" hostname="ASH-LPT-19" name="com.vp.tests.SRPageTests" tests="4" failures="0" timestamp="23 Feb 2018 14:22:25 GMT" time="12.526" errors="0">
  <testcase name="verifySearchResultspage" time="0.000" classname="com.vp.tests.SRPageTests"/>
  <testcase name="verifySearchResultspage" time="0.003" classname="com.vp.tests.SRPageTests"/>
  <testcase name="openPKSummaryPage" time="0.000" classname="com.vp.tests.SRPageTests"/>
  <testcase name="openVOSummaryPage" time="12.523" classname="com.vp.tests.SRPageTests"/>
</testsuite> <!-- com.vp.tests.SRPageTests -->
