<?xml version="1.0" encoding="UTF-8"?>
<!-- Generated by org.testng.reporters.JUnitReportReporter -->
<testsuite skipped="0" hostname="ASH-LPT-19" name="com.vp.tests.VillaOnlyBooking" tests="1" failures="0" timestamp="16 Mar 2018 01:27:51 GMT" time="160.591" errors="0">
  <testcase name="VillaOnlyBookingVerification" time="160.591" classname="com.vp.tests.VillaOnlyBooking"/>
</testsuite> <!-- com.vp.tests.VillaOnlyBooking -->
