<?xml version="1.0" encoding="UTF-8"?>
<!-- Generated by org.testng.reporters.JUnitReportReporter -->
<testsuite skipped="0" hostname="ASH-LPT-19" name="com.vp.tests.ExtrasPageTests" tests="1" failures="0" timestamp="13 Mar 2018 09:56:39 GMT" time="85.354" errors="0">
  <testcase name="VerifyExtrasPage" time="85.354" classname="com.vp.tests.ExtrasPageTests"/>
</testsuite> <!-- com.vp.tests.ExtrasPageTests -->
