<?xml version="1.0" encoding="UTF-8"?>
<!-- Generated by org.testng.reporters.JUnitReportReporter -->
<testsuite skipped="0" hostname="ASH-LPT-19" name="com.vp.tests.PackageBooking" tests="1" failures="0" timestamp="16 Mar 2018 01:27:51 GMT" time="228.171" errors="0">
  <testcase name="PackageBookingVerification" time="228.171" classname="com.vp.tests.PackageBooking"/>
</testsuite> <!-- com.vp.tests.PackageBooking -->
